c:\users\hih20\desktop\project1\server\x64\debug\vc143.pdb
c:\users\hih20\desktop\project1\server\x64\debug\vc143.idb
c:\users\hih20\desktop\project1\server\x64\debug\session.obj
c:\users\hih20\desktop\project1\server\x64\debug\server.pch
c:\users\hih20\desktop\project1\server\x64\debug\pch.obj
c:\users\hih20\desktop\project1\server\x64\debug\iocpcore.obj
c:\users\hih20\desktop\project1\server\x64\debug\server.obj
c:\users\hih20\desktop\project1\server\x64\debug\main.obj
c:\users\hih20\desktop\project1\server\x64\debug\listener.obj
c:\users\hih20\desktop\project1\x64\debug\server.exe
c:\users\hih20\desktop\project1\x64\debug\server.pdb
c:\users\hih20\desktop\project1\server\x64\debug\server.ilk
c:\users\hih20\desktop\project1\server\x64\debug\server.tlog\cl.command.1.tlog
c:\users\hih20\desktop\project1\server\x64\debug\server.tlog\cl.items.tlog
c:\users\hih20\desktop\project1\server\x64\debug\server.tlog\cl.read.1.tlog
c:\users\hih20\desktop\project1\server\x64\debug\server.tlog\cl.write.1.tlog
c:\users\hih20\desktop\project1\server\x64\debug\server.tlog\link.command.1.tlog
c:\users\hih20\desktop\project1\server\x64\debug\server.tlog\link.read.1.tlog
c:\users\hih20\desktop\project1\server\x64\debug\server.tlog\link.secondary.1.tlog
c:\users\hih20\desktop\project1\server\x64\debug\server.tlog\link.write.1.tlog
